mode: set
github.com/hasura/kubeformation/pkg/spec/v1/handler.go:23.13,27.16 4 1
github.com/hasura/kubeformation/pkg/spec/v1/handler.go:27.16,29.3 1 0
github.com/hasura/kubeformation/pkg/spec/v1/handler.go:33.43,35.2 1 1
github.com/hasura/kubeformation/pkg/spec/v1/handler.go:38.76,40.20 1 1
github.com/hasura/kubeformation/pkg/spec/v1/handler.go:43.2,44.16 2 1
github.com/hasura/kubeformation/pkg/spec/v1/handler.go:49.2,49.26 1 1
github.com/hasura/kubeformation/pkg/spec/v1/handler.go:53.2,53.15 1 1
github.com/hasura/kubeformation/pkg/spec/v1/handler.go:40.20,42.3 1 1
github.com/hasura/kubeformation/pkg/spec/v1/handler.go:44.16,47.3 2 1
github.com/hasura/kubeformation/pkg/spec/v1/handler.go:49.26,52.3 2 1
github.com/hasura/kubeformation/pkg/spec/v1/handler.go:59.111,60.34 1 0
github.com/hasura/kubeformation/pkg/spec/v1/handler.go:70.2,70.22 1 0
github.com/hasura/kubeformation/pkg/spec/v1/handler.go:94.2,94.44 1 0
github.com/hasura/kubeformation/pkg/spec/v1/handler.go:60.34,61.21 1 0
github.com/hasura/kubeformation/pkg/spec/v1/handler.go:62.14,63.31 1 0
github.com/hasura/kubeformation/pkg/spec/v1/handler.go:64.14,65.31 1 0
github.com/hasura/kubeformation/pkg/spec/v1/handler.go:66.14,67.31 1 0
github.com/hasura/kubeformation/pkg/spec/v1/handler.go:71.20,75.23 4 0
github.com/hasura/kubeformation/pkg/spec/v1/handler.go:78.3,78.36 1 0
github.com/hasura/kubeformation/pkg/spec/v1/handler.go:88.3,88.29 1 0
github.com/hasura/kubeformation/pkg/spec/v1/handler.go:89.20,92.29 2 0
github.com/hasura/kubeformation/pkg/spec/v1/handler.go:75.23,77.4 1 0
github.com/hasura/kubeformation/pkg/spec/v1/handler.go:78.36,87.4 2 0
